<?xml version="1.0" encoding="UTF-8"?>
<!-- Generated by org.testng.reporters.JUnitXMLReporter -->
<testsuite hostname="DESKTOP-F1UMDA6" ignored="0" name="Default test" tests="4" failures="0" timestamp="12 Jul 2023 03:58:53 GMT" time="22.904" errors="0">
  <testcase name="tc_001_validate_Registration_page_Functionality" time="0.341" classname="org.automation.tetsingworld.testecases.TC_001_validate_RegistrationPage_Functionality"/>
  <testcase name="tc_001_validate_Registration_page_Functionality" time="0.343" classname="org.automation.tetsingworld.testecases.TC_001_validate_RegistrationPage_Functionality"/>
  <testcase name="tc_001_validate_Registration_page_Functionality" time="0.369" classname="org.automation.tetsingworld.testecases.TC_001_validate_RegistrationPage_Functionality"/>
  <testcase name="tc_001_validate_Registration_page_Functionality" time="0.386" classname="org.automation.tetsingworld.testecases.TC_001_validate_RegistrationPage_Functionality"/>
</testsuite> <!-- Default test -->
