<?xml version="1.0" encoding="UTF-8"?>
<testng-results skipped="0" failed="0" ignored="0" total="4" passed="4">
  <reporter-output>
  </reporter-output>
  <suite name="Default suite" duration-ms="22904" started-at="2023-07-12T03:58:30Z" finished-at="2023-07-12T03:58:53Z">
    <groups>
    </groups>
    <test name="Default test" duration-ms="22904" started-at="2023-07-12T03:58:30Z" finished-at="2023-07-12T03:58:53Z">
      <class name="org.automation.tetsingworld.testecases.TC_001_validate_RegistrationPage_Functionality">
        <test-method status="PASS" signature="intiateDriverInstance()[pri:0, instance:org.automation.tetsingworld.testecases.TC_001_validate_RegistrationPage_Functionality@2286778]" name="intiateDriverInstance" is-config="true" duration-ms="4949" started-at="2023-07-12T03:58:31Z" finished-at="2023-07-12T03:58:35Z">
          <reporter-output>
          </reporter-output>
        </test-method> <!-- intiateDriverInstance -->
        <test-method status="PASS" signature="tc_001_validate_Registration_page_Functionality(java.lang.String, java.lang.String, java.lang.String, java.lang.String)[pri:0, instance:org.automation.tetsingworld.testecases.TC_001_validate_RegistrationPage_Functionality@2286778]" name="tc_001_validate_Registration_page_Functionality" duration-ms="341" started-at="2023-07-12T03:58:35Z" data-provider="Static" finished-at="2023-07-12T03:58:36Z">
          <params>
            <param index="0">
              <value>
                <![CDATA[dipti]]>
              </value>
            </param>
            <param index="1">
              <value>
                <![CDATA[abc@gmail.com]]>
              </value>
            </param>
            <param index="2">
              <value>
                <![CDATA[gghf]]>
              </value>
            </param>
            <param index="3">
              <value>
                <![CDATA[gvbnb]]>
              </value>
            </param>
          </params>
          <reporter-output>
          </reporter-output>
        </test-method> <!-- tc_001_validate_Registration_page_Functionality -->
        <test-method status="PASS" signature="closeDriverInstance()[pri:0, instance:org.automation.tetsingworld.testecases.TC_001_validate_RegistrationPage_Functionality@2286778]" name="closeDriverInstance" is-config="true" duration-ms="676" started-at="2023-07-12T03:58:36Z" finished-at="2023-07-12T03:58:36Z">
          <reporter-output>
          </reporter-output>
        </test-method> <!-- closeDriverInstance -->
        <test-method status="PASS" signature="intiateDriverInstance()[pri:0, instance:org.automation.tetsingworld.testecases.TC_001_validate_RegistrationPage_Functionality@2286778]" name="intiateDriverInstance" is-config="true" duration-ms="4280" started-at="2023-07-12T03:58:36Z" finished-at="2023-07-12T03:58:41Z">
          <reporter-output>
          </reporter-output>
        </test-method> <!-- intiateDriverInstance -->
        <test-method status="PASS" signature="tc_001_validate_Registration_page_Functionality(java.lang.String, java.lang.String, java.lang.String, java.lang.String)[pri:0, instance:org.automation.tetsingworld.testecases.TC_001_validate_RegistrationPage_Functionality@2286778]" name="tc_001_validate_Registration_page_Functionality" duration-ms="343" started-at="2023-07-12T03:58:41Z" data-provider="Static" finished-at="2023-07-12T03:58:41Z">
          <params>
            <param index="0">
              <value>
                <![CDATA[TestData11]]>
              </value>
            </param>
            <param index="1">
              <value>
                <![CDATA[TestData@hotmail.com]]>
              </value>
            </param>
            <param index="2">
              <value>
                <![CDATA[ggfh]]>
              </value>
            </param>
            <param index="3">
              <value>
                <![CDATA[gnvn]]>
              </value>
            </param>
          </params>
          <reporter-output>
          </reporter-output>
        </test-method> <!-- tc_001_validate_Registration_page_Functionality -->
        <test-method status="PASS" signature="closeDriverInstance()[pri:0, instance:org.automation.tetsingworld.testecases.TC_001_validate_RegistrationPage_Functionality@2286778]" name="closeDriverInstance" is-config="true" duration-ms="650" started-at="2023-07-12T03:58:41Z" finished-at="2023-07-12T03:58:42Z">
          <reporter-output>
          </reporter-output>
        </test-method> <!-- closeDriverInstance -->
        <test-method status="PASS" signature="intiateDriverInstance()[pri:0, instance:org.automation.tetsingworld.testecases.TC_001_validate_RegistrationPage_Functionality@2286778]" name="intiateDriverInstance" is-config="true" duration-ms="4592" started-at="2023-07-12T03:58:42Z" finished-at="2023-07-12T03:58:46Z">
          <reporter-output>
          </reporter-output>
        </test-method> <!-- intiateDriverInstance -->
        <test-method status="PASS" signature="tc_001_validate_Registration_page_Functionality(java.lang.String, java.lang.String, java.lang.String, java.lang.String)[pri:0, instance:org.automation.tetsingworld.testecases.TC_001_validate_RegistrationPage_Functionality@2286778]" name="tc_001_validate_Registration_page_Functionality" duration-ms="369" started-at="2023-07-12T03:58:46Z" data-provider="Static" finished-at="2023-07-12T03:58:47Z">
          <params>
            <param index="0">
              <value>
                <![CDATA[TestData111]]>
              </value>
            </param>
            <param index="1">
              <value>
                <![CDATA[TestData222@gmail.com]]>
              </value>
            </param>
            <param index="2">
              <value>
                <![CDATA[ghgfg]]>
              </value>
            </param>
            <param index="3">
              <value>
                <![CDATA[bnvb]]>
              </value>
            </param>
          </params>
          <reporter-output>
          </reporter-output>
        </test-method> <!-- tc_001_validate_Registration_page_Functionality -->
        <test-method status="PASS" signature="closeDriverInstance()[pri:0, instance:org.automation.tetsingworld.testecases.TC_001_validate_RegistrationPage_Functionality@2286778]" name="closeDriverInstance" is-config="true" duration-ms="646" started-at="2023-07-12T03:58:47Z" finished-at="2023-07-12T03:58:47Z">
          <reporter-output>
          </reporter-output>
        </test-method> <!-- closeDriverInstance -->
        <test-method status="PASS" signature="intiateDriverInstance()[pri:0, instance:org.automation.tetsingworld.testecases.TC_001_validate_RegistrationPage_Functionality@2286778]" name="intiateDriverInstance" is-config="true" duration-ms="4464" started-at="2023-07-12T03:58:47Z" finished-at="2023-07-12T03:58:52Z">
          <reporter-output>
          </reporter-output>
        </test-method> <!-- intiateDriverInstance -->
        <test-method status="PASS" signature="tc_001_validate_Registration_page_Functionality(java.lang.String, java.lang.String, java.lang.String, java.lang.String)[pri:0, instance:org.automation.tetsingworld.testecases.TC_001_validate_RegistrationPage_Functionality@2286778]" name="tc_001_validate_Registration_page_Functionality" duration-ms="386" started-at="2023-07-12T03:58:52Z" data-provider="Static" finished-at="2023-07-12T03:58:52Z">
          <params>
            <param index="0">
              <value>
                <![CDATA[Test Data1111]]>
              </value>
            </param>
            <param index="1">
              <value>
                <![CDATA[Test Data 2222@live.com]]>
              </value>
            </param>
            <param index="2">
              <value>
                <![CDATA[ggh]]>
              </value>
            </param>
            <param index="3">
              <value>
                <![CDATA[cvcv ]]>
              </value>
            </param>
          </params>
          <reporter-output>
          </reporter-output>
        </test-method> <!-- tc_001_validate_Registration_page_Functionality -->
        <test-method status="PASS" signature="closeDriverInstance()[pri:0, instance:org.automation.tetsingworld.testecases.TC_001_validate_RegistrationPage_Functionality@2286778]" name="closeDriverInstance" is-config="true" duration-ms="686" started-at="2023-07-12T03:58:52Z" finished-at="2023-07-12T03:58:53Z">
          <reporter-output>
          </reporter-output>
        </test-method> <!-- closeDriverInstance -->
      </class> <!-- org.automation.tetsingworld.testecases.TC_001_validate_RegistrationPage_Functionality -->
    </test> <!-- Default test -->
  </suite> <!-- Default suite -->
</testng-results>
